

***********************************************************************
Fatal NI connect error 12541, connecting to:
 (DESCRIPTION=(ADDRESS=(PROTOCOL=TCP)(HOST=king-book)(PORT=1521))(CONNECT_DATA=(SERVER=DEDICATED)(SERVICE_NAME=ORACLEDB)(CID=(PROGRAM=C:\tools\SitePainter53\dbadm\dbadm.exe)(HOST=KING-BOOK)(USER=msfb))))

  VERSION INFORMATION:
	TNS for 32-bit Windows: Version 9.2.0.1.0 - Production
	Windows NT TCP/IP NT Protocol Adapter for 32-bit Windows: Version 9.2.0.1.0 - Production
  Time: 25-GIU-2007 10:37:57
  Tracing not turned on.
  Tns error struct:
    nr err code: 0
    ns main err code: 12541
    TNS-12541: TNS: nessun listener
    ns secondary err code: 12560
    nt main err code: 511
    TNS-00511: Nessun listener
    nt secondary err code: 61
    nt OS err code: 0


***********************************************************************
Fatal NI connect error 12545, connecting to:
 (DESCRIPTION=(ADDRESS=(PROTOCOL=TCP)(HOST=KING-DESK)(PORT=1521))(CONNECT_DATA=(SID=ORACLE)(SERVER=DEDICATED)(CID=(PROGRAM=C:\tools\SitePAINTER54\dbadm\dbadm.exe)(HOST=KING-BOOK)(USER=Marco))))

  VERSION INFORMATION:
	TNS for 32-bit Windows: Version 9.2.0.1.0 - Production
	Windows NT TCP/IP NT Protocol Adapter for 32-bit Windows: Version 9.2.0.1.0 - Production
  Time: 05-NOV-2007 14:58:31
  Tracing not turned on.
  Tns error struct:
    nr err code: 0
    ns main err code: 12545
    TNS-12545: La connessione non è riuscita perché l'host di destinazione o l'oggetto non esiste
    ns secondary err code: 12560
    nt main err code: 515
    TNS-00515: La connessione non è riuscita perché l'host di destinazione o l'oggetto non esiste
    nt secondary err code: 1004
    nt OS err code: 0


***********************************************************************
Fatal NI connect error 12535, connecting to:
 (DESCRIPTION=(ADDRESS=(PROTOCOL=TCP)(HOST=KING-DESK)(PORT=1521))(CONNECT_DATA=(SID=ORACLE)(SERVER=DEDICATED)(CID=(PROGRAM=C:\tools\SitePAINTER54\dbadm\dbadm.exe)(HOST=KING-BOOK)(USER=Marco))))

  VERSION INFORMATION:
	TNS for 32-bit Windows: Version 9.2.0.1.0 - Production
	Windows NT TCP/IP NT Protocol Adapter for 32-bit Windows: Version 9.2.0.1.0 - Production
  Time: 22-NOV-2007 12:25:05
  Tracing not turned on.
  Tns error struct:
    nr err code: 0
    ns main err code: 12535
    TNS-12535: TNS: operazione fuori tempo
    ns secondary err code: 12560
    nt main err code: 505
    TNS-00505: Operazione fuori tempo
    nt secondary err code: 60
    nt OS err code: 0


***********************************************************************
Fatal NI connect error 12535, connecting to:
 (DESCRIPTION=(ADDRESS=(PROTOCOL=TCP)(HOST=KING-DESK)(PORT=1521))(CONNECT_DATA=(SID=ORACLE)(SERVER=DEDICATED)(CID=(PROGRAM=C:\tools\SitePAINTER54\dbadm\dbadm.exe)(HOST=KING-BOOK)(USER=Marco))))

  VERSION INFORMATION:
	TNS for 32-bit Windows: Version 9.2.0.1.0 - Production
	Windows NT TCP/IP NT Protocol Adapter for 32-bit Windows: Version 9.2.0.1.0 - Production
  Time: 22-NOV-2007 12:25:30
  Tracing not turned on.
  Tns error struct:
    nr err code: 0
    ns main err code: 12535
    TNS-12535: TNS: operazione fuori tempo
    ns secondary err code: 12560
    nt main err code: 505
    TNS-00505: Operazione fuori tempo
    nt secondary err code: 60
    nt OS err code: 0


***********************************************************************
Fatal NI connect error 12535, connecting to:
 (DESCRIPTION=(ADDRESS=(PROTOCOL=TCP)(HOST=KING-DESK)(PORT=1521))(CONNECT_DATA=(SID=ORACLE)(SERVER=DEDICATED)(CID=(PROGRAM=C:\tools\SitePAINTER54\dbadm\dbadm.exe)(HOST=KING-BOOK)(USER=Marco))))

  VERSION INFORMATION:
	TNS for 32-bit Windows: Version 9.2.0.1.0 - Production
	Windows NT TCP/IP NT Protocol Adapter for 32-bit Windows: Version 9.2.0.1.0 - Production
  Time: 07-APR-2008 12:59:31
  Tracing not turned on.
  Tns error struct:
    nr err code: 0
    ns main err code: 12535
    TNS-12535: TNS: operazione fuori tempo
    ns secondary err code: 12560
    nt main err code: 505
    TNS-00505: Operazione fuori tempo
    nt secondary err code: 60
    nt OS err code: 0


***********************************************************************
Fatal NI connect error 12535, connecting to:
 (DESCRIPTION=(ADDRESS=(PROTOCOL=TCP)(HOST=192.168.0.2)(PORT=1521))(CONNECT_DATA=(SERVICE_NAME=KINGDB)(CID=(PROGRAM=C:\tools\SitePAINTER54\dbadm\dbadm.exe)(HOST=KING-BOOK)(USER=Marco))))

  VERSION INFORMATION:
	TNS for 32-bit Windows: Version 9.2.0.1.0 - Production
	Windows NT TCP/IP NT Protocol Adapter for 32-bit Windows: Version 9.2.0.1.0 - Production
  Time: 14-APR-2008 17:17:08
  Tracing not turned on.
  Tns error struct:
    nr err code: 0
    ns main err code: 12535
    TNS-12535: TNS: operazione fuori tempo
    ns secondary err code: 12560
    nt main err code: 505
    TNS-00505: Operazione fuori tempo
    nt secondary err code: 60
    nt OS err code: 0


***********************************************************************
Fatal NI connect error 12535, connecting to:
 (DESCRIPTION=(ADDRESS=(PROTOCOL=TCP)(HOST=192.168.0.2)(PORT=1521))(CONNECT_DATA=(SERVICE_NAME=KINGDB)(CID=(PROGRAM=C:\tools\SitePAINTER54\dbadm\dbadm.exe)(HOST=KING-BOOK)(USER=Marco))))

  VERSION INFORMATION:
	TNS for 32-bit Windows: Version 9.2.0.1.0 - Production
	Windows NT TCP/IP NT Protocol Adapter for 32-bit Windows: Version 9.2.0.1.0 - Production
  Time: 14-APR-2008 17:17:33
  Tracing not turned on.
  Tns error struct:
    nr err code: 0
    ns main err code: 12535
    TNS-12535: TNS: operazione fuori tempo
    ns secondary err code: 12560
    nt main err code: 505
    TNS-00505: Operazione fuori tempo
    nt secondary err code: 60
    nt OS err code: 0


***********************************************************************
Fatal NI connect error 12541, connecting to:
 (DESCRIPTION=(ADDRESS=(PROTOCOL=TCP)(HOST=192.168.0.2)(PORT=1521))(CONNECT_DATA=(SERVICE_NAME=KINGDB)(CID=(PROGRAM=C:\tools\SitePAINTER54\dbadm\dbadm.exe)(HOST=KING-BOOK)(USER=Marco))))

  VERSION INFORMATION:
	TNS for 32-bit Windows: Version 9.2.0.1.0 - Production
	Windows NT TCP/IP NT Protocol Adapter for 32-bit Windows: Version 9.2.0.1.0 - Production
  Time: 17-APR-2008 17:13:34
  Tracing not turned on.
  Tns error struct:
    nr err code: 0
    ns main err code: 12541
    TNS-12541: TNS: nessun listener
    ns secondary err code: 12560
    nt main err code: 511
    TNS-00511: Nessun listener
    nt secondary err code: 61
    nt OS err code: 0


***********************************************************************
Fatal NI connect error 12541, connecting to:
 (DESCRIPTION=(ADDRESS=(PROTOCOL=TCP)(HOST=192.168.0.2)(PORT=1521))(CONNECT_DATA=(SERVICE_NAME=KINGDB)(CID=(PROGRAM=C:\tools\SitePAINTER54\dbadm\dbadm.exe)(HOST=KING-BOOK)(USER=Marco))))

  VERSION INFORMATION:
	TNS for 32-bit Windows: Version 9.2.0.1.0 - Production
	Windows NT TCP/IP NT Protocol Adapter for 32-bit Windows: Version 9.2.0.1.0 - Production
  Time: 17-APR-2008 17:13:41
  Tracing not turned on.
  Tns error struct:
    nr err code: 0
    ns main err code: 12541
    TNS-12541: TNS: nessun listener
    ns secondary err code: 12560
    nt main err code: 511
    TNS-00511: Nessun listener
    nt secondary err code: 61
    nt OS err code: 0


***********************************************************************
Fatal NI connect error 12541, connecting to:
 (DESCRIPTION=(ADDRESS=(PROTOCOL=TCP)(HOST=192.168.0.2)(PORT=1521))(CONNECT_DATA=(SERVICE_NAME=KINGDB)(CID=(PROGRAM=C:\tools\SitePAINTER54\dbadm\dbadm.exe)(HOST=KING-BOOK)(USER=Marco))))

  VERSION INFORMATION:
	TNS for 32-bit Windows: Version 9.2.0.1.0 - Production
	Windows NT TCP/IP NT Protocol Adapter for 32-bit Windows: Version 9.2.0.1.0 - Production
  Time: 30-GIU-2008 12:41:27
  Tracing not turned on.
  Tns error struct:
    nr err code: 0
    ns main err code: 12541
    TNS-12541: TNS: nessun listener
    ns secondary err code: 12560
    nt main err code: 511
    TNS-00511: Nessun listener
    nt secondary err code: 61
    nt OS err code: 0


***********************************************************************
Fatal NI connect error 12545, connecting to:
 (DESCRIPTION=(ADDRESS=(PROTOCOL=TCP)(HOST=KING-BOOK3)(PORT=1521))(CONNECT_DATA=(SID=ORACLEDB)(SERVER=DEDICATED)(CID=(PROGRAM=C:\tools\SitePAINTER54\dbadm\dbadm.exe)(HOST=KING-BOOK)(USER=Marco))))

  VERSION INFORMATION:
	TNS for 32-bit Windows: Version 9.2.0.1.0 - Production
	Windows NT TCP/IP NT Protocol Adapter for 32-bit Windows: Version 9.2.0.1.0 - Production
  Time: 03-SET-2008 18:33:40
  Tracing not turned on.
  Tns error struct:
    nr err code: 0
    ns main err code: 12545
    TNS-12545: La connessione non è riuscita perché l'host di destinazione o l'oggetto non esiste
    ns secondary err code: 12560
    nt main err code: 515
    TNS-00515: La connessione non è riuscita perché l'host di destinazione o l'oggetto non esiste
    nt secondary err code: 1004
    nt OS err code: 0


***********************************************************************
Fatal NI connect error 12545, connecting to:
 (DESCRIPTION=(ADDRESS=(PROTOCOL=TCP)(HOST=KING-BOOK3)(PORT=1521))(CONNECT_DATA=(SID=ORACLEDB)(SERVER=DEDICATED)(CID=(PROGRAM=C:\tools\SitePAINTER54\dbadm\dbadm.exe)(HOST=KING-BOOK)(USER=Marco))))

  VERSION INFORMATION:
	TNS for 32-bit Windows: Version 9.2.0.1.0 - Production
	Windows NT TCP/IP NT Protocol Adapter for 32-bit Windows: Version 9.2.0.1.0 - Production
  Time: 03-SET-2008 18:33:53
  Tracing not turned on.
  Tns error struct:
    nr err code: 0
    ns main err code: 12545
    TNS-12545: La connessione non è riuscita perché l'host di destinazione o l'oggetto non esiste
    ns secondary err code: 12560
    nt main err code: 515
    TNS-00515: La connessione non è riuscita perché l'host di destinazione o l'oggetto non esiste
    nt secondary err code: 1004
    nt OS err code: 0


***********************************************************************
Fatal NI connect error 12545, connecting to:
 (DESCRIPTION=(ADDRESS=(PROTOCOL=TCP)(HOST=KING-BOOK3)(PORT=1521))(CONNECT_DATA=(SID=ORACLEDB)(SERVER=DEDICATED)(CID=(PROGRAM=C:\tools\SitePAINTER54\dbadm\dbadm.exe)(HOST=KING-BOOK)(USER=Marco))))

  VERSION INFORMATION:
	TNS for 32-bit Windows: Version 9.2.0.1.0 - Production
	Windows NT TCP/IP NT Protocol Adapter for 32-bit Windows: Version 9.2.0.1.0 - Production
  Time: 03-SET-2008 18:34:00
  Tracing not turned on.
  Tns error struct:
    nr err code: 0
    ns main err code: 12545
    TNS-12545: La connessione non è riuscita perché l'host di destinazione o l'oggetto non esiste
    ns secondary err code: 12560
    nt main err code: 515
    TNS-00515: La connessione non è riuscita perché l'host di destinazione o l'oggetto non esiste
    nt secondary err code: 1004
    nt OS err code: 0


***********************************************************************
Fatal NI connect error 12545, connecting to:
 (DESCRIPTION=(ADDRESS=(PROTOCOL=TCP)(HOST=KING-BOOK3)(PORT=1521))(CONNECT_DATA=(SID=ORACLEDB)(SERVER=DEDICATED)(CID=(PROGRAM=C:\tools\SitePAINTER54\dbadm\dbadm.exe)(HOST=KING-BOOK)(USER=Marco))))

  VERSION INFORMATION:
	TNS for 32-bit Windows: Version 9.2.0.1.0 - Production
	Windows NT TCP/IP NT Protocol Adapter for 32-bit Windows: Version 9.2.0.1.0 - Production
  Time: 03-SET-2008 18:34:06
  Tracing not turned on.
  Tns error struct:
    nr err code: 0
    ns main err code: 12545
    TNS-12545: La connessione non è riuscita perché l'host di destinazione o l'oggetto non esiste
    ns secondary err code: 12560
    nt main err code: 515
    TNS-00515: La connessione non è riuscita perché l'host di destinazione o l'oggetto non esiste
    nt secondary err code: 1004
    nt OS err code: 0


***********************************************************************
Fatal NI connect error 12545, connecting to:
 (DESCRIPTION=(ADDRESS=(PROTOCOL=TCP)(HOST=KING-BOOK3)(PORT=1521))(CONNECT_DATA=(SID=ORACLEDB)(SERVER=DEDICATED)(CID=(PROGRAM=C:\tools\SitePAINTER54\dbadm\dbadm.exe)(HOST=KING-BOOK)(USER=Marco))))

  VERSION INFORMATION:
	TNS for 32-bit Windows: Version 9.2.0.1.0 - Production
	Windows NT TCP/IP NT Protocol Adapter for 32-bit Windows: Version 9.2.0.1.0 - Production
  Time: 03-SET-2008 18:34:38
  Tracing not turned on.
  Tns error struct:
    nr err code: 0
    ns main err code: 12545
    TNS-12545: La connessione non è riuscita perché l'host di destinazione o l'oggetto non esiste
    ns secondary err code: 12560
    nt main err code: 515
    TNS-00515: La connessione non è riuscita perché l'host di destinazione o l'oggetto non esiste
    nt secondary err code: 1004
    nt OS err code: 0
